2026-04-01 05:04:50 [[31merror[39m]: error: password authentication failed for user "postgres"
    at C:\Users\maaz7\cybertoolkit\node_modules\pg-pool\index.js:45:11
    at process.processTicksAndRejections (node:internal/process/task_queues:95:5)
    at async C:\Users\maaz7\cybertoolkit\server\routes\auth.js:122:20
2026-04-01 05:05:18 [[31merror[39m]: error: password authentication failed for user "postgres"
    at C:\Users\maaz7\cybertoolkit\node_modules\pg-pool\index.js:45:11
    at process.processTicksAndRejections (node:internal/process/task_queues:95:5)
    at async C:\Users\maaz7\cybertoolkit\server\routes\auth.js:122:20
2026-04-01 05:06:09 [[31merror[39m]: error: password authentication failed for user "postgres"
    at C:\Users\maaz7\cybertoolkit\node_modules\pg-pool\index.js:45:11
    at process.processTicksAndRejections (node:internal/process/task_queues:95:5)
    at async C:\Users\maaz7\cybertoolkit\server\routes\auth.js:122:20
2026-04-01 05:08:45 [[31merror[39m]: error: password authentication failed for user "postgres"
    at C:\Users\maaz7\cybertoolkit\node_modules\pg-pool\index.js:45:11
    at process.processTicksAndRejections (node:internal/process/task_queues:95:5)
    at async C:\Users\maaz7\cybertoolkit\server\routes\auth.js:122:20
2026-04-01 09:37:58 [[31merror[39m]: error: column "filename" does not exist
    at C:\Users\maaz7\cybertoolkit\node_modules\pg-pool\index.js:45:11
    at process.processTicksAndRejections (node:internal/process/task_queues:95:5)
    at async C:\Users\maaz7\cybertoolkit\server\routes\dashboard.js:38:31
2026-04-01 09:38:59 [[31merror[39m]: error: column "filename" does not exist
    at C:\Users\maaz7\cybertoolkit\node_modules\pg-pool\index.js:45:11
    at process.processTicksAndRejections (node:internal/process/task_queues:95:5)
    at async C:\Users\maaz7\cybertoolkit\server\routes\dashboard.js:38:31
2026-04-01 09:38:59 [[31merror[39m]: error: column "filename" does not exist
    at C:\Users\maaz7\cybertoolkit\node_modules\pg-pool\index.js:45:11
    at process.processTicksAndRejections (node:internal/process/task_queues:95:5)
    at async C:\Users\maaz7\cybertoolkit\server\routes\dashboard.js:38:31
2026-04-01 09:57:55 [[31merror[39m]: TypeError: Cannot read properties of undefined (reading 'bcryptRounds')
    at C:\Users\maaz7\cybertoolkit\server\routes\auth.js:95:70
    at Layer.handle [as handle_request] (C:\Users\maaz7\cybertoolkit\node_modules\express\lib\router\layer.js:95:5)
    at next (C:\Users\maaz7\cybertoolkit\node_modules\express\lib\router\route.js:149:13)
    at C:\Users\maaz7\cybertoolkit\server\utils\validation.js:116:5
    at Layer.handle [as handle_request] (C:\Users\maaz7\cybertoolkit\node_modules\express\lib\router\layer.js:95:5)
    at next (C:\Users\maaz7\cybertoolkit\node_modules\express\lib\router\route.js:149:13)
    at Route.dispatch (C:\Users\maaz7\cybertoolkit\node_modules\express\lib\router\route.js:119:3)
    at Layer.handle [as handle_request] (C:\Users\maaz7\cybertoolkit\node_modules\express\lib\router\layer.js:95:5)
    at C:\Users\maaz7\cybertoolkit\node_modules\express\lib\router\index.js:284:15
    at Function.process_params (C:\Users\maaz7\cybertoolkit\node_modules\express\lib\router\index.js:346:12)
2026-04-01 11:41:06 [[31merror[39m]: error: column "filename" of relation "file_scans" does not exist
    at C:\Users\maaz7\cybertoolkit\node_modules\pg-pool\index.js:45:11
    at process.processTicksAndRejections (node:internal/process/task_queues:95:5)
    at async C:\Users\maaz7\cybertoolkit\server\routes\fileAnalysis.js:92:22
2026-04-01 11:42:47 [[31merror[39m]: error: null value in column "file_path" of relation "file_scans" violates not-null constraint
    at C:\Users\maaz7\cybertoolkit\node_modules\pg-pool\index.js:45:11
    at process.processTicksAndRejections (node:internal/process/task_queues:95:5)
    at async C:\Users\maaz7\cybertoolkit\server\routes\fileAnalysis.js:92:22
2026-04-01 11:44:01 [[31merror[39m]: error: null value in column "file_path" of relation "file_scans" violates not-null constraint
    at C:\Users\maaz7\cybertoolkit\node_modules\pg-pool\index.js:45:11
    at process.processTicksAndRejections (node:internal/process/task_queues:95:5)
    at async C:\Users\maaz7\cybertoolkit\server\routes\fileAnalysis.js:92:22
2026-04-01 11:51:00 [[31merror[39m]: ReferenceError: monitor is not defined
    at C:\Users\maaz7\cybertoolkit\server\index.js:139:5
    at Layer.handle [as handle_request] (C:\Users\maaz7\cybertoolkit\node_modules\express\lib\router\layer.js:95:5)
    at next (C:\Users\maaz7\cybertoolkit\node_modules\express\lib\router\route.js:149:13)
    at C:\Users\maaz7\cybertoolkit\server\utils\validation.js:116:5
    at Layer.handle [as handle_request] (C:\Users\maaz7\cybertoolkit\node_modules\express\lib\router\layer.js:95:5)
    at next (C:\Users\maaz7\cybertoolkit\node_modules\express\lib\router\route.js:149:13)
    at setUserContext (C:\Users\maaz7\cybertoolkit\server\middleware\auth.js:89:5)
    at process.processTicksAndRejections (node:internal/process/task_queues:95:5)
2026-04-01 11:51:01 [[31merror[39m]: WebSocket update error
2026-04-01 11:51:04 [[31merror[39m]: WebSocket update error
2026-04-01 11:51:07 [[31merror[39m]: WebSocket update error
2026-04-01 11:51:10 [[31merror[39m]: WebSocket update error
2026-04-01 11:51:13 [[31merror[39m]: WebSocket update error
2026-04-01 11:51:16 [[31merror[39m]: WebSocket update error
2026-04-01 11:51:19 [[31merror[39m]: WebSocket update error
2026-04-01 11:51:39 [[31merror[39m]: WebSocket update error
2026-04-01 11:51:42 [[31merror[39m]: WebSocket update error
2026-04-01 11:51:45 [[31merror[39m]: WebSocket update error
2026-04-01 11:51:48 [[31merror[39m]: WebSocket update error
2026-04-01 11:51:51 [[31merror[39m]: WebSocket update error
2026-04-01 11:51:54 [[31merror[39m]: WebSocket update error
2026-04-01 11:51:57 [[31merror[39m]: WebSocket update error
2026-04-01 11:52:00 [[31merror[39m]: WebSocket update error
2026-04-01 11:52:03 [[31merror[39m]: WebSocket update error
2026-04-01 11:52:06 [[31merror[39m]: WebSocket update error
2026-04-01 11:52:09 [[31merror[39m]: WebSocket update error
2026-04-01 11:52:12 [[31merror[39m]: WebSocket update error
2026-04-01 11:52:15 [[31merror[39m]: WebSocket update error
2026-04-01 11:52:18 [[31merror[39m]: WebSocket update error
2026-04-01 11:52:21 [[31merror[39m]: WebSocket update error
2026-04-01 11:52:24 [[31merror[39m]: WebSocket update error
2026-04-01 11:52:27 [[31merror[39m]: WebSocket update error
2026-04-01 11:52:30 [[31merror[39m]: WebSocket update error
2026-04-01 11:52:33 [[31merror[39m]: WebSocket update error
2026-04-01 11:52:36 [[31merror[39m]: WebSocket update error
2026-04-01 11:52:39 [[31merror[39m]: WebSocket update error
2026-04-01 11:52:42 [[31merror[39m]: WebSocket update error
2026-04-01 11:52:45 [[31merror[39m]: WebSocket update error
2026-04-01 11:52:48 [[31merror[39m]: WebSocket update error
2026-04-01 11:52:51 [[31merror[39m]: WebSocket update error
2026-04-01 11:52:54 [[31merror[39m]: WebSocket update error
2026-04-01 11:52:57 [[31merror[39m]: WebSocket update error
2026-04-01 11:53:00 [[31merror[39m]: WebSocket update error
2026-04-01 11:53:03 [[31merror[39m]: WebSocket update error
2026-04-01 11:53:06 [[31merror[39m]: WebSocket update error
2026-04-01 11:53:09 [[31merror[39m]: WebSocket update error
2026-04-01 11:53:12 [[31merror[39m]: WebSocket update error
2026-04-01 11:53:15 [[31merror[39m]: WebSocket update error
2026-04-01 11:53:18 [[31merror[39m]: WebSocket update error
2026-04-01 11:53:21 [[31merror[39m]: WebSocket update error
2026-04-01 11:53:24 [[31merror[39m]: WebSocket update error
2026-04-01 11:53:27 [[31merror[39m]: WebSocket update error
2026-04-01 11:53:30 [[31merror[39m]: WebSocket update error
2026-04-01 11:53:33 [[31merror[39m]: WebSocket update error
2026-04-01 11:53:36 [[31merror[39m]: WebSocket update error
2026-04-01 11:53:39 [[31merror[39m]: WebSocket update error
2026-04-01 11:53:42 [[31merror[39m]: WebSocket update error
2026-04-01 11:53:45 [[31merror[39m]: WebSocket update error
2026-04-01 11:53:48 [[31merror[39m]: WebSocket update error
2026-04-01 11:53:51 [[31merror[39m]: WebSocket update error
2026-04-01 11:53:54 [[31merror[39m]: WebSocket update error
2026-04-01 11:53:57 [[31merror[39m]: WebSocket update error
2026-04-01 11:54:00 [[31merror[39m]: WebSocket update error
2026-04-01 11:54:03 [[31merror[39m]: WebSocket update error
2026-04-01 11:54:06 [[31merror[39m]: WebSocket update error
2026-04-01 11:54:10 [[31merror[39m]: WebSocket update error
2026-04-01 11:54:13 [[31merror[39m]: WebSocket update error
2026-04-01 11:54:16 [[31merror[39m]: WebSocket update error
2026-04-01 11:54:19 [[31merror[39m]: WebSocket update error
2026-04-01 11:54:22 [[31merror[39m]: WebSocket update error
2026-04-01 11:54:25 [[31merror[39m]: WebSocket update error
2026-04-01 11:54:28 [[31merror[39m]: WebSocket update error
2026-04-01 11:54:31 [[31merror[39m]: WebSocket update error
2026-04-01 11:54:34 [[31merror[39m]: WebSocket update error
2026-04-01 11:54:37 [[31merror[39m]: WebSocket update error
2026-04-01 11:54:40 [[31merror[39m]: WebSocket update error
2026-04-01 11:54:43 [[31merror[39m]: WebSocket update error
2026-04-01 11:54:46 [[31merror[39m]: WebSocket update error
2026-04-01 11:54:49 [[31merror[39m]: WebSocket update error
2026-04-01 11:54:52 [[31merror[39m]: WebSocket update error
2026-04-01 11:54:55 [[31merror[39m]: WebSocket update error
2026-04-01 11:54:58 [[31merror[39m]: WebSocket update error
2026-04-01 11:55:01 [[31merror[39m]: WebSocket update error
2026-04-01 11:55:04 [[31merror[39m]: WebSocket update error
2026-04-01 11:55:07 [[31merror[39m]: WebSocket update error
2026-04-01 11:55:10 [[31merror[39m]: WebSocket update error
2026-04-01 11:55:13 [[31merror[39m]: WebSocket update error
2026-04-01 11:55:16 [[31merror[39m]: WebSocket update error
2026-04-01 11:55:19 [[31merror[39m]: WebSocket update error
2026-04-01 11:55:22 [[31merror[39m]: WebSocket update error
2026-04-01 11:55:25 [[31merror[39m]: WebSocket update error
2026-04-01 11:55:28 [[31merror[39m]: WebSocket update error
2026-04-01 11:55:31 [[31merror[39m]: WebSocket update error
2026-04-01 11:55:34 [[31merror[39m]: WebSocket update error
2026-04-01 11:55:37 [[31merror[39m]: WebSocket update error
2026-04-01 11:55:40 [[31merror[39m]: WebSocket update error
2026-04-01 11:55:43 [[31merror[39m]: WebSocket update error
2026-04-01 11:55:46 [[31merror[39m]: WebSocket update error
2026-04-01 11:55:49 [[31merror[39m]: WebSocket update error
2026-04-01 11:55:52 [[31merror[39m]: WebSocket update error
2026-04-01 11:55:55 [[31merror[39m]: WebSocket update error
2026-04-01 11:55:58 [[31merror[39m]: WebSocket update error
2026-04-01 11:56:01 [[31merror[39m]: WebSocket update error
2026-04-01 11:56:04 [[31merror[39m]: WebSocket update error
2026-04-01 11:56:07 [[31merror[39m]: WebSocket update error
2026-04-01 11:56:10 [[31merror[39m]: WebSocket update error
2026-04-01 11:56:13 [[31merror[39m]: WebSocket update error
2026-04-01 11:56:16 [[31merror[39m]: WebSocket update error
2026-04-01 11:56:19 [[31merror[39m]: WebSocket update error
2026-04-01 11:56:22 [[31merror[39m]: WebSocket update error
2026-04-01 11:56:25 [[31merror[39m]: WebSocket update error
2026-04-01 11:56:28 [[31merror[39m]: WebSocket update error
2026-04-01 11:56:31 [[31merror[39m]: WebSocket update error
2026-04-01 11:56:34 [[31merror[39m]: WebSocket update error
2026-04-01 11:56:37 [[31merror[39m]: WebSocket update error
2026-04-01 11:56:40 [[31merror[39m]: WebSocket update error
2026-04-01 11:56:43 [[31merror[39m]: WebSocket update error
2026-04-01 11:56:46 [[31merror[39m]: WebSocket update error
2026-04-01 11:56:49 [[31merror[39m]: WebSocket update error
2026-04-01 11:56:52 [[31merror[39m]: WebSocket update error
2026-04-01 11:56:55 [[31merror[39m]: WebSocket update error
2026-04-01 11:56:58 [[31merror[39m]: WebSocket update error
2026-04-01 11:57:01 [[31merror[39m]: WebSocket update error
2026-04-01 11:57:04 [[31merror[39m]: WebSocket update error
2026-04-01 11:57:07 [[31merror[39m]: WebSocket update error
2026-04-01 11:57:10 [[31merror[39m]: WebSocket update error
2026-04-01 11:57:13 [[31merror[39m]: WebSocket update error
2026-04-01 11:57:16 [[31merror[39m]: WebSocket update error
2026-04-01 11:57:19 [[31merror[39m]: WebSocket update error
2026-04-01 11:57:22 [[31merror[39m]: WebSocket update error
2026-04-01 11:57:25 [[31merror[39m]: WebSocket update error
2026-04-01 11:57:28 [[31merror[39m]: WebSocket update error
2026-04-01 11:57:31 [[31merror[39m]: WebSocket update error
2026-04-01 11:57:34 [[31merror[39m]: WebSocket update error
2026-04-01 11:57:37 [[31merror[39m]: WebSocket update error
2026-04-01 11:57:40 [[31merror[39m]: WebSocket update error
2026-04-01 11:57:43 [[31merror[39m]: WebSocket update error
2026-04-01 11:57:46 [[31merror[39m]: WebSocket update error
2026-04-01 11:57:49 [[31merror[39m]: WebSocket update error
2026-04-01 11:57:52 [[31merror[39m]: WebSocket update error
2026-04-01 11:57:55 [[31merror[39m]: WebSocket update error
2026-04-01 11:57:58 [[31merror[39m]: WebSocket update error
2026-04-01 11:58:01 [[31merror[39m]: WebSocket update error
2026-04-01 11:58:04 [[31merror[39m]: WebSocket update error
2026-04-01 11:58:07 [[31merror[39m]: WebSocket update error
2026-04-01 11:58:10 [[31merror[39m]: WebSocket update error
2026-04-01 11:58:13 [[31merror[39m]: WebSocket update error
2026-04-01 11:58:16 [[31merror[39m]: WebSocket update error
2026-04-01 11:58:19 [[31merror[39m]: WebSocket update error
2026-04-01 11:58:22 [[31merror[39m]: WebSocket update error
2026-04-01 11:58:25 [[31merror[39m]: WebSocket update error
2026-04-01 11:58:28 [[31merror[39m]: WebSocket update error
2026-04-01 11:58:31 [[31merror[39m]: WebSocket update error
2026-04-01 11:58:35 [[31merror[39m]: WebSocket update error
2026-04-01 11:58:38 [[31merror[39m]: WebSocket update error
2026-04-01 11:58:41 [[31merror[39m]: WebSocket update error
2026-04-01 11:58:44 [[31merror[39m]: WebSocket update error
2026-04-01 11:58:47 [[31merror[39m]: WebSocket update error
2026-04-01 11:58:50 [[31merror[39m]: WebSocket update error
2026-04-01 11:58:53 [[31merror[39m]: WebSocket update error
2026-04-01 11:58:56 [[31merror[39m]: WebSocket update error
2026-04-01 11:58:59 [[31merror[39m]: WebSocket update error
2026-04-01 11:59:02 [[31merror[39m]: WebSocket update error
2026-04-01 11:59:05 [[31merror[39m]: WebSocket update error
2026-04-01 11:59:08 [[31merror[39m]: WebSocket update error
2026-04-01 11:59:13 [[31merror[39m]: WebSocket update error
2026-04-01 11:59:16 [[31merror[39m]: WebSocket update error
2026-04-01 11:59:19 [[31merror[39m]: WebSocket update error
2026-04-01 11:59:22 [[31merror[39m]: WebSocket update error
2026-04-01 11:59:25 [[31merror[39m]: WebSocket update error
2026-04-01 11:59:28 [[31merror[39m]: WebSocket update error
2026-04-01 11:59:31 [[31merror[39m]: WebSocket update error
2026-04-01 11:59:34 [[31merror[39m]: WebSocket update error
2026-04-01 11:59:37 [[31merror[39m]: WebSocket update error
2026-04-01 11:59:40 [[31merror[39m]: WebSocket update error
2026-04-02 13:18:20 [[31merror[39m]: error: column "body" of relation "email_analyses" does not exist
    at C:\Users\maaz7\cybertoolkit\node_modules\pg-pool\index.js:45:11
    at process.processTicksAndRejections (node:internal/process/task_queues:95:5)
    at async C:\Users\maaz7\cybertoolkit\server\routes\email.js:116:22
2026-04-02 13:19:25 [[31merror[39m]: error: column "body" of relation "email_analyses" does not exist
    at C:\Users\maaz7\cybertoolkit\node_modules\pg-pool\index.js:45:11
    at process.processTicksAndRejections (node:internal/process/task_queues:95:5)
    at async C:\Users\maaz7\cybertoolkit\server\routes\email.js:116:22
2026-04-02 13:38:03 [[31merror[39m]: TypeError: mode must be int32 or null/undefined
    at Object.copyFile (node:internal/fs/promises:624:13)
    at C:\Users\maaz7\cybertoolkit\server\index.js:323:10
    at new Promise (<anonymous>)
    at C:\Users\maaz7\cybertoolkit\server\index.js:322:11
    at Layer.handle [as handle_request] (C:\Users\maaz7\cybertoolkit\node_modules\express\lib\router\layer.js:95:5)
    at next (C:\Users\maaz7\cybertoolkit\node_modules\express\lib\router\route.js:149:13)
    at done (C:\Users\maaz7\cybertoolkit\node_modules\multer\lib\make-middleware.js:45:7)
    at indicateDone (C:\Users\maaz7\cybertoolkit\node_modules\multer\lib\make-middleware.js:49:68)
    at C:\Users\maaz7\cybertoolkit\node_modules\multer\lib\make-middleware.js:155:11
    at WriteStream.<anonymous> (C:\Users\maaz7\cybertoolkit\node_modules\multer\storage\disk.js:43:9)
