2026-04-01 05:01:37 [[31merror[39m]: Error: Cannot find module 'pg'
Require stack:
- C:\Users\maaz7\cybertoolkit\server\routes\auth.js
- C:\Users\maaz7\cybertoolkit\server\index.js
    at Module._resolveFilename (node:internal/modules/cjs/loader:1212:15)
    at Module._load (node:internal/modules/cjs/loader:1043:27)
    at Module.require (node:internal/modules/cjs/loader:1298:19)
    at require (node:internal/modules/helpers:182:18)
    at Object.<anonymous> (C:\Users\maaz7\cybertoolkit\server\routes\auth.js:4:18)
    at Module._compile (node:internal/modules/cjs/loader:1529:14)
    at Module._extensions..js (node:internal/modules/cjs/loader:1613:10)
    at Module.load (node:internal/modules/cjs/loader:1275:32)
    at Module._load (node:internal/modules/cjs/loader:1096:12)
    at Module.require (node:internal/modules/cjs/loader:1298:19)
2026-04-01 05:01:47 [[31merror[39m]: Error: Cannot find module 'pg'
Require stack:
- C:\Users\maaz7\cybertoolkit\server\routes\auth.js
- C:\Users\maaz7\cybertoolkit\server\index.js
    at Module._resolveFilename (node:internal/modules/cjs/loader:1212:15)
    at Module._load (node:internal/modules/cjs/loader:1043:27)
    at Module.require (node:internal/modules/cjs/loader:1298:19)
    at require (node:internal/modules/helpers:182:18)
    at Object.<anonymous> (C:\Users\maaz7\cybertoolkit\server\routes\auth.js:4:18)
    at Module._compile (node:internal/modules/cjs/loader:1529:14)
    at Module._extensions..js (node:internal/modules/cjs/loader:1613:10)
    at Module.load (node:internal/modules/cjs/loader:1275:32)
    at Module._load (node:internal/modules/cjs/loader:1096:12)
    at Module.require (node:internal/modules/cjs/loader:1298:19)
2026-04-01 05:02:34 [[31merror[39m]: Error: Cannot find module 'pg'
Require stack:
- C:\Users\maaz7\cybertoolkit\server\routes\auth.js
- C:\Users\maaz7\cybertoolkit\server\index.js
    at Module._resolveFilename (node:internal/modules/cjs/loader:1212:15)
    at Module._load (node:internal/modules/cjs/loader:1043:27)
    at Module.require (node:internal/modules/cjs/loader:1298:19)
    at require (node:internal/modules/helpers:182:18)
    at Object.<anonymous> (C:\Users\maaz7\cybertoolkit\server\routes\auth.js:4:18)
    at Module._compile (node:internal/modules/cjs/loader:1529:14)
    at Module._extensions..js (node:internal/modules/cjs/loader:1613:10)
    at Module.load (node:internal/modules/cjs/loader:1275:32)
    at Module._load (node:internal/modules/cjs/loader:1096:12)
    at Module.require (node:internal/modules/cjs/loader:1298:19)
2026-04-01 08:04:28 [[31merror[39m]: Error: Cannot find module './routes/network'
Require stack:
- C:\Users\maaz7\cybertoolkit\server\index.js
    at Module._resolveFilename (node:internal/modules/cjs/loader:1212:15)
    at Module._load (node:internal/modules/cjs/loader:1043:27)
    at Module.require (node:internal/modules/cjs/loader:1298:19)
    at require (node:internal/modules/helpers:182:18)
    at Object.<anonymous> (C:\Users\maaz7\cybertoolkit\server\index.js:45:23)
    at Module._compile (node:internal/modules/cjs/loader:1529:14)
    at Module._extensions..js (node:internal/modules/cjs/loader:1613:10)
    at Module.load (node:internal/modules/cjs/loader:1275:32)
    at Module._load (node:internal/modules/cjs/loader:1096:12)
    at Function.executeUserEntryPoint [as runMain] (node:internal/modules/run_main:164:12)
2026-04-01 08:04:34 [[31merror[39m]: Error: Cannot find module './routes/network'
Require stack:
- C:\Users\maaz7\cybertoolkit\server\index.js
    at Module._resolveFilename (node:internal/modules/cjs/loader:1212:15)
    at Module._load (node:internal/modules/cjs/loader:1043:27)
    at Module.require (node:internal/modules/cjs/loader:1298:19)
    at require (node:internal/modules/helpers:182:18)
    at Object.<anonymous> (C:\Users\maaz7\cybertoolkit\server\index.js:45:23)
    at Module._compile (node:internal/modules/cjs/loader:1529:14)
    at Module._extensions..js (node:internal/modules/cjs/loader:1613:10)
    at Module.load (node:internal/modules/cjs/loader:1275:32)
    at Module._load (node:internal/modules/cjs/loader:1096:12)
    at Function.executeUserEntryPoint [as runMain] (node:internal/modules/run_main:164:12)
2026-04-01 08:05:31 [[31merror[39m]: Error: Cannot find module './routes/network'
Require stack:
- C:\Users\maaz7\cybertoolkit\server\index.js
    at Module._resolveFilename (node:internal/modules/cjs/loader:1212:15)
    at Module._load (node:internal/modules/cjs/loader:1043:27)
    at Module.require (node:internal/modules/cjs/loader:1298:19)
    at require (node:internal/modules/helpers:182:18)
    at Object.<anonymous> (C:\Users\maaz7\cybertoolkit\server\index.js:45:23)
    at Module._compile (node:internal/modules/cjs/loader:1529:14)
    at Module._extensions..js (node:internal/modules/cjs/loader:1613:10)
    at Module.load (node:internal/modules/cjs/loader:1275:32)
    at Module._load (node:internal/modules/cjs/loader:1096:12)
    at Function.executeUserEntryPoint [as runMain] (node:internal/modules/run_main:164:12)
2026-04-01 08:05:39 [[31merror[39m]: Error: Cannot find module './routes/network'
Require stack:
- C:\Users\maaz7\cybertoolkit\server\index.js
    at Module._resolveFilename (node:internal/modules/cjs/loader:1212:15)
    at Module._load (node:internal/modules/cjs/loader:1043:27)
    at Module.require (node:internal/modules/cjs/loader:1298:19)
    at require (node:internal/modules/helpers:182:18)
    at Object.<anonymous> (C:\Users\maaz7\cybertoolkit\server\index.js:45:23)
    at Module._compile (node:internal/modules/cjs/loader:1529:14)
    at Module._extensions..js (node:internal/modules/cjs/loader:1613:10)
    at Module.load (node:internal/modules/cjs/loader:1275:32)
    at Module._load (node:internal/modules/cjs/loader:1096:12)
    at Function.executeUserEntryPoint [as runMain] (node:internal/modules/run_main:164:12)
2026-04-01 08:06:23 [[31merror[39m]: Error: Cannot find module './routes/malwareDetection'
Require stack:
- C:\Users\maaz7\cybertoolkit\server\index.js
    at Module._resolveFilename (node:internal/modules/cjs/loader:1212:15)
    at Module._load (node:internal/modules/cjs/loader:1043:27)
    at Module.require (node:internal/modules/cjs/loader:1298:19)
    at require (node:internal/modules/helpers:182:18)
    at Object.<anonymous> (C:\Users\maaz7\cybertoolkit\server\index.js:46:26)
    at Module._compile (node:internal/modules/cjs/loader:1529:14)
    at Module._extensions..js (node:internal/modules/cjs/loader:1613:10)
    at Module.load (node:internal/modules/cjs/loader:1275:32)
    at Module._load (node:internal/modules/cjs/loader:1096:12)
    at Function.executeUserEntryPoint [as runMain] (node:internal/modules/run_main:164:12)
2026-04-01 08:08:36 [[31merror[39m]: TypeError: Router.use() requires a middleware function but got a Object
    at Function.use (C:\Users\maaz7\cybertoolkit\node_modules\express\lib\router\index.js:469:13)
    at Function.<anonymous> (C:\Users\maaz7\cybertoolkit\node_modules\express\lib\application.js:227:21)
    at Array.forEach (<anonymous>)
    at Function.use (C:\Users\maaz7\cybertoolkit\node_modules\express\lib\application.js:224:7)
    at Object.<anonymous> (C:\Users\maaz7\cybertoolkit\server\index.js:118:5)
    at Module._compile (node:internal/modules/cjs/loader:1529:14)
    at Module._extensions..js (node:internal/modules/cjs/loader:1613:10)
    at Module.load (node:internal/modules/cjs/loader:1275:32)
    at Module._load (node:internal/modules/cjs/loader:1096:12)
    at Function.executeUserEntryPoint [as runMain] (node:internal/modules/run_main:164:12)
2026-04-01 08:09:48 [[31merror[39m]: Error: Route.get() requires a callback function but got a [object Undefined]
    at Route.<computed> [as get] (C:\Users\maaz7\cybertoolkit\node_modules\express\lib\router\route.js:216:15)
    at proto.<computed> [as get] (C:\Users\maaz7\cybertoolkit\node_modules\express\lib\router\index.js:521:19)
    at Object.<anonymous> (C:\Users\maaz7\cybertoolkit\server\routes\network.js:56:8)
    at Module._compile (node:internal/modules/cjs/loader:1529:14)
    at Module._extensions..js (node:internal/modules/cjs/loader:1613:10)
    at Module.load (node:internal/modules/cjs/loader:1275:32)
    at Module._load (node:internal/modules/cjs/loader:1096:12)
    at Module.require (node:internal/modules/cjs/loader:1298:19)
    at require (node:internal/modules/helpers:182:18)
    at Object.<anonymous> (C:\Users\maaz7\cybertoolkit\server\index.js:45:23)
2026-04-01 08:11:46 [[31merror[39m]: Error: Route.get() requires a callback function but got a [object Undefined]
    at Route.<computed> [as get] (C:\Users\maaz7\cybertoolkit\node_modules\express\lib\router\route.js:216:15)
    at proto.<computed> [as get] (C:\Users\maaz7\cybertoolkit\node_modules\express\lib\router\index.js:521:19)
    at Object.<anonymous> (C:\Users\maaz7\cybertoolkit\server\routes\network.js:56:8)
    at Module._compile (node:internal/modules/cjs/loader:1529:14)
    at Module._extensions..js (node:internal/modules/cjs/loader:1613:10)
    at Module.load (node:internal/modules/cjs/loader:1275:32)
    at Module._load (node:internal/modules/cjs/loader:1096:12)
    at Module.require (node:internal/modules/cjs/loader:1298:19)
    at require (node:internal/modules/helpers:182:18)
    at Object.<anonymous> (C:\Users\maaz7\cybertoolkit\server\index.js:45:23)
2026-04-02 12:01:59 [[31merror[39m]: ReferenceError: Cannot access 'upload' before initialization
    at Object.<anonymous> (C:\Users\maaz7\cybertoolkit\server\index.js:127:31)
    at Module._compile (node:internal/modules/cjs/loader:1529:14)
    at Module._extensions..js (node:internal/modules/cjs/loader:1613:10)
    at Module.load (node:internal/modules/cjs/loader:1275:32)
    at Module._load (node:internal/modules/cjs/loader:1096:12)
    at Function.executeUserEntryPoint [as runMain] (node:internal/modules/run_main:164:12)
    at node:internal/main/run_main_module:28:49
2026-04-02 12:02:10 [[31merror[39m]: ReferenceError: Cannot access 'upload' before initialization
    at Object.<anonymous> (C:\Users\maaz7\cybertoolkit\server\index.js:127:31)
    at Module._compile (node:internal/modules/cjs/loader:1529:14)
    at Module._extensions..js (node:internal/modules/cjs/loader:1613:10)
    at Module.load (node:internal/modules/cjs/loader:1275:32)
    at Module._load (node:internal/modules/cjs/loader:1096:12)
    at Function.executeUserEntryPoint [as runMain] (node:internal/modules/run_main:164:12)
    at node:internal/main/run_main_module:28:49
2026-04-02 12:03:31 [[31merror[39m]: ReferenceError: Cannot access 'upload' before initialization
    at Object.<anonymous> (C:\Users\maaz7\cybertoolkit\server\index.js:127:31)
    at Module._compile (node:internal/modules/cjs/loader:1529:14)
    at Module._extensions..js (node:internal/modules/cjs/loader:1613:10)
    at Module.load (node:internal/modules/cjs/loader:1275:32)
    at Module._load (node:internal/modules/cjs/loader:1096:12)
    at Function.executeUserEntryPoint [as runMain] (node:internal/modules/run_main:164:12)
    at node:internal/main/run_main_module:28:49
2026-04-02 13:44:47 [[31merror[39m]: ReferenceError: Cannot access 'upload' before initialization
    at Object.<anonymous> (C:\Users\maaz7\cybertoolkit\server\index.js:111:23)
    at Module._compile (node:internal/modules/cjs/loader:1529:14)
    at Module._extensions..js (node:internal/modules/cjs/loader:1613:10)
    at Module.load (node:internal/modules/cjs/loader:1275:32)
    at Module._load (node:internal/modules/cjs/loader:1096:12)
    at Function.executeUserEntryPoint [as runMain] (node:internal/modules/run_main:164:12)
    at node:internal/main/run_main_module:28:49
2026-04-02 13:49:14 [[31merror[39m]: ReferenceError: Cannot access 'upload' before initialization
    at Object.<anonymous> (C:\Users\maaz7\cybertoolkit\server\index.js:111:23)
    at Module._compile (node:internal/modules/cjs/loader:1529:14)
    at Module._extensions..js (node:internal/modules/cjs/loader:1613:10)
    at Module.load (node:internal/modules/cjs/loader:1275:32)
    at Module._load (node:internal/modules/cjs/loader:1096:12)
    at Function.executeUserEntryPoint [as runMain] (node:internal/modules/run_main:164:12)
    at node:internal/main/run_main_module:28:49
2026-04-02 15:43:10 [[31merror[39m]: Error: Cannot find module './logger'
Require stack:
- C:\Users\maaz7\cybertoolkit\server\services\realtimeService.js
- C:\Users\maaz7\cybertoolkit\server\index.js
    at Module._resolveFilename (node:internal/modules/cjs/loader:1212:15)
    at Module._load (node:internal/modules/cjs/loader:1043:27)
    at Module.require (node:internal/modules/cjs/loader:1298:19)
    at require (node:internal/modules/helpers:182:18)
    at Object.<anonymous> (C:\Users\maaz7\cybertoolkit\server\services\realtimeService.js:8:16)
    at Module._compile (node:internal/modules/cjs/loader:1529:14)
    at Module._extensions..js (node:internal/modules/cjs/loader:1613:10)
    at Module.load (node:internal/modules/cjs/loader:1275:32)
    at Module._load (node:internal/modules/cjs/loader:1096:12)
    at Module.require (node:internal/modules/cjs/loader:1298:19)
2026-04-02 15:43:39 [[31merror[39m]: Error: Cannot find module './logger'
Require stack:
- C:\Users\maaz7\cybertoolkit\server\services\realtimeService.js
- C:\Users\maaz7\cybertoolkit\server\index.js
    at Module._resolveFilename (node:internal/modules/cjs/loader:1212:15)
    at Module._load (node:internal/modules/cjs/loader:1043:27)
    at Module.require (node:internal/modules/cjs/loader:1298:19)
    at require (node:internal/modules/helpers:182:18)
    at Object.<anonymous> (C:\Users\maaz7\cybertoolkit\server\services\realtimeService.js:8:16)
    at Module._compile (node:internal/modules/cjs/loader:1529:14)
    at Module._extensions..js (node:internal/modules/cjs/loader:1613:10)
    at Module.load (node:internal/modules/cjs/loader:1275:32)
    at Module._load (node:internal/modules/cjs/loader:1096:12)
    at Module.require (node:internal/modules/cjs/loader:1298:19)
2026-04-02 15:46:07 [[31merror[39m]: Error: Cannot find module './logger'
Require stack:
- C:\Users\maaz7\cybertoolkit\server\services\realtimeService.js
- C:\Users\maaz7\cybertoolkit\server\index.js
    at Module._resolveFilename (node:internal/modules/cjs/loader:1212:15)
    at Module._load (node:internal/modules/cjs/loader:1043:27)
    at Module.require (node:internal/modules/cjs/loader:1298:19)
    at require (node:internal/modules/helpers:182:18)
    at Object.<anonymous> (C:\Users\maaz7\cybertoolkit\server\services\realtimeService.js:8:16)
    at Module._compile (node:internal/modules/cjs/loader:1529:14)
    at Module._extensions..js (node:internal/modules/cjs/loader:1613:10)
    at Module.load (node:internal/modules/cjs/loader:1275:32)
    at Module._load (node:internal/modules/cjs/loader:1096:12)
    at Module.require (node:internal/modules/cjs/loader:1298:19)
2026-04-02 15:50:04 [[31merror[39m]: C:\Users\maaz7\cybertoolkit\server\services\smartAlertSystem.js:442
const logger = require('../utils/logger');
      ^

SyntaxError: Identifier 'logger' has already been declared
    at wrapSafe (node:internal/modules/cjs/loader:1472:18)
    at Module._compile (node:internal/modules/cjs/loader:1501:20)
    at Module._extensions..js (node:internal/modules/cjs/loader:1613:10)
    at Module.load (node:internal/modules/cjs/loader:1275:32)
    at Module._load (node:internal/modules/cjs/loader:1096:12)
    at Module.require (node:internal/modules/cjs/loader:1298:19)
    at require (node:internal/modules/helpers:182:18)
    at Object.<anonymous> (C:\Users\maaz7\cybertoolkit\server\routes\networkEnhanced.js:18:26)
    at Module._compile (node:internal/modules/cjs/loader:1529:14)
    at Module._extensions..js (node:internal/modules/cjs/loader:1613:10)
2026-04-02 15:52:03 [[31merror[39m]: ReferenceError: networkEnhancedRoutes is not defined
    at Object.<anonymous> (C:\Users\maaz7\cybertoolkit\server\index.js:142:25)
    at Module._compile (node:internal/modules/cjs/loader:1529:14)
    at Module._extensions..js (node:internal/modules/cjs/loader:1613:10)
    at Module.load (node:internal/modules/cjs/loader:1275:32)
    at Module._load (node:internal/modules/cjs/loader:1096:12)
    at Function.executeUserEntryPoint [as runMain] (node:internal/modules/run_main:164:12)
    at node:internal/main/run_main_module:28:49
2026-04-04 06:33:47 [[31merror[39m]: ReferenceError: router is not defined
    at Object.<anonymous> (C:\Users\maaz7\cybertoolkit\server\routes\auth.js:78:1)
    at Module._compile (node:internal/modules/cjs/loader:1529:14)
    at Module._extensions..js (node:internal/modules/cjs/loader:1613:10)
    at Module.load (node:internal/modules/cjs/loader:1275:32)
    at Module._load (node:internal/modules/cjs/loader:1096:12)
    at Module.require (node:internal/modules/cjs/loader:1298:19)
    at require (node:internal/modules/helpers:182:18)
    at Object.<anonymous> (C:\Users\maaz7\cybertoolkit\server\index.js:42:20)
    at Module._compile (node:internal/modules/cjs/loader:1529:14)
    at Module._extensions..js (node:internal/modules/cjs/loader:1613:10)
2026-04-04 06:39:11 [[31merror[39m]: ReferenceError: router is not defined
    at Object.<anonymous> (C:\Users\maaz7\cybertoolkit\server\routes\auth.js:78:1)
    at Module._compile (node:internal/modules/cjs/loader:1529:14)
    at Module._extensions..js (node:internal/modules/cjs/loader:1613:10)
    at Module.load (node:internal/modules/cjs/loader:1275:32)
    at Module._load (node:internal/modules/cjs/loader:1096:12)
    at Module.require (node:internal/modules/cjs/loader:1298:19)
    at require (node:internal/modules/helpers:182:18)
    at Object.<anonymous> (C:\Users\maaz7\cybertoolkit\server\index.js:42:20)
    at Module._compile (node:internal/modules/cjs/loader:1529:14)
    at Module._extensions..js (node:internal/modules/cjs/loader:1613:10)
2026-04-04 06:39:34 [[31merror[39m]: ReferenceError: router is not defined
    at Object.<anonymous> (C:\Users\maaz7\cybertoolkit\server\routes\auth.js:78:1)
    at Module._compile (node:internal/modules/cjs/loader:1529:14)
    at Module._extensions..js (node:internal/modules/cjs/loader:1613:10)
    at Module.load (node:internal/modules/cjs/loader:1275:32)
    at Module._load (node:internal/modules/cjs/loader:1096:12)
    at Module.require (node:internal/modules/cjs/loader:1298:19)
    at require (node:internal/modules/helpers:182:18)
    at Object.<anonymous> (C:\Users\maaz7\cybertoolkit\server\index.js:42:20)
    at Module._compile (node:internal/modules/cjs/loader:1529:14)
    at Module._extensions..js (node:internal/modules/cjs/loader:1613:10)
